0 info it worked if it ends with ok
1 verbose cli [ '/usr/local/bin/iojs', '/usr/local/bin/npm', 'run', 'lint' ]
2 info using npm@2.14.4
3 info using node@v4.1.1
4 verbose run-script [ 'prelint', 'lint', 'postlint' ]
5 info prelint EMC-Day-2015@0.0.1
6 info lint EMC-Day-2015@0.0.1
7 verbose unsafe-perm in lifecycle true
8 info EMC-Day-2015@0.0.1 Failed to exec lint script
9 verbose stack Error: EMC-Day-2015@0.0.1 lint: `eslint --ext .js,.jsx .`
9 verbose stack Exit status 1
9 verbose stack     at EventEmitter.<anonymous> (/usr/local/lib/node_modules/npm/lib/utils/lifecycle.js:214:16)
9 verbose stack     at emitTwo (events.js:87:13)
9 verbose stack     at EventEmitter.emit (events.js:172:7)
9 verbose stack     at ChildProcess.<anonymous> (/usr/local/lib/node_modules/npm/lib/utils/spawn.js:24:14)
9 verbose stack     at emitTwo (events.js:87:13)
9 verbose stack     at ChildProcess.emit (events.js:172:7)
9 verbose stack     at maybeClose (internal/child_process.js:817:16)
9 verbose stack     at Process.ChildProcess._handle.onexit (internal/child_process.js:211:5)
10 verbose pkgid EMC-Day-2015@0.0.1
11 verbose cwd /Users/mitel/develop/cf-stuff/emcday2015
12 error Darwin 14.5.0
13 error argv "/usr/local/bin/iojs" "/usr/local/bin/npm" "run" "lint"
14 error node v4.1.1
15 error npm  v2.14.4
16 error code ELIFECYCLE
17 error EMC-Day-2015@0.0.1 lint: `eslint --ext .js,.jsx .`
17 error Exit status 1
18 error Failed at the EMC-Day-2015@0.0.1 lint script 'eslint --ext .js,.jsx .'.
18 error This is most likely a problem with the EMC-Day-2015 package,
18 error not with npm itself.
18 error Tell the author that this fails on your system:
18 error     eslint --ext .js,.jsx .
18 error You can get their info via:
18 error     npm owner ls EMC-Day-2015
18 error There is likely additional logging output above.
19 verbose exit [ 1, true ]
